  gpio.c
  usart.c
  stm32f1xx_it.c
  stm32f1xx_hal_msp.c
  main.c
  system_stm32f1xx.c
  stm32f1xx_hal.c
  stm32f1xx_hal_rcc.c
  stm32f1xx_hal_rcc_ex.c
  stm32f1xx_hal_cortex.c
  stm32f1xx_hal_exti.c
  stm32f1xx_hal_tim.c
  stm32f1xx_hal_tim_ex.c
  stm32f1xx_hal_uart.c
  stm32f1xx_hal_dma.c
  stm32f1xx_hal_pwr.c
  stm32f1xx_hal_flash.c
  stm32f1xx_hal_flash_ex.c
  stm32f1xx_hal_gpio.c
  startup_stm32f103xe.c
  stm32f1xx_hal_gpio_ex.c
  Linking ../VisualGDB/Debug/HAL_UART...
  ------------------- Memory utilization report -------------------
  Used FLASH: 8624 bytes out of 256KB (3%)
  Used SRAM: 160 bytes out of 48KB (0%)
