d:\stm32\project\hal_car\visualgdb\debug\hal_car.link.rsp
d:\stm32\project\hal_car\visualgdb\debug\hal_car.bin
d:\stm32\project\hal_car\visualgdb\debug\hal_car
d:\stm32\project\hal_car\hal_car\visualgdb\debug\gpio.o
d:\stm32\project\hal_car\hal_car\visualgdb\debug\main.o
d:\stm32\project\hal_car\hal_car\visualgdb\debug\startup_stm32f103xe.o
d:\stm32\project\hal_car\hal_car\visualgdb\debug\stm32f1xx_hal.o
d:\stm32\project\hal_car\hal_car\visualgdb\debug\stm32f1xx_hal_cortex.o
d:\stm32\project\hal_car\hal_car\visualgdb\debug\stm32f1xx_hal_dma.o
d:\stm32\project\hal_car\hal_car\visualgdb\debug\stm32f1xx_hal_exti.o
d:\stm32\project\hal_car\hal_car\visualgdb\debug\stm32f1xx_hal_flash.o
d:\stm32\project\hal_car\hal_car\visualgdb\debug\stm32f1xx_hal_flash_ex.o
d:\stm32\project\hal_car\hal_car\visualgdb\debug\stm32f1xx_hal_gpio.o
d:\stm32\project\hal_car\hal_car\visualgdb\debug\stm32f1xx_hal_gpio_ex.o
d:\stm32\project\hal_car\hal_car\visualgdb\debug\stm32f1xx_hal_msp.o
d:\stm32\project\hal_car\hal_car\visualgdb\debug\stm32f1xx_hal_pwr.o
d:\stm32\project\hal_car\hal_car\visualgdb\debug\stm32f1xx_hal_rcc.o
d:\stm32\project\hal_car\hal_car\visualgdb\debug\stm32f1xx_hal_rcc_ex.o
d:\stm32\project\hal_car\hal_car\visualgdb\debug\stm32f1xx_hal_tim.o
d:\stm32\project\hal_car\hal_car\visualgdb\debug\stm32f1xx_hal_tim_ex.o
d:\stm32\project\hal_car\hal_car\visualgdb\debug\stm32f1xx_hal_uart.o
d:\stm32\project\hal_car\hal_car\visualgdb\debug\stm32f1xx_it.o
d:\stm32\project\hal_car\hal_car\visualgdb\debug\system_stm32f1xx.o
d:\stm32\project\hal_car\hal_car\visualgdb\debug\tim.o
d:\stm32\project\hal_car\hal_car\visualgdb\debug\usart.o
d:\stm32\project\hal_car\hal_car\visualgdb\debug\gpio.dep
d:\stm32\project\hal_car\hal_car\visualgdb\debug\main.dep
d:\stm32\project\hal_car\hal_car\visualgdb\debug\startup_stm32f103xe.dep
d:\stm32\project\hal_car\hal_car\visualgdb\debug\stm32f1xx_hal.dep
d:\stm32\project\hal_car\hal_car\visualgdb\debug\stm32f1xx_hal_cortex.dep
d:\stm32\project\hal_car\hal_car\visualgdb\debug\stm32f1xx_hal_dma.dep
d:\stm32\project\hal_car\hal_car\visualgdb\debug\stm32f1xx_hal_exti.dep
d:\stm32\project\hal_car\hal_car\visualgdb\debug\stm32f1xx_hal_flash.dep
d:\stm32\project\hal_car\hal_car\visualgdb\debug\stm32f1xx_hal_flash_ex.dep
d:\stm32\project\hal_car\hal_car\visualgdb\debug\stm32f1xx_hal_gpio.dep
d:\stm32\project\hal_car\hal_car\visualgdb\debug\stm32f1xx_hal_gpio_ex.dep
d:\stm32\project\hal_car\hal_car\visualgdb\debug\stm32f1xx_hal_msp.dep
d:\stm32\project\hal_car\hal_car\visualgdb\debug\stm32f1xx_hal_pwr.dep
d:\stm32\project\hal_car\hal_car\visualgdb\debug\stm32f1xx_hal_rcc.dep
d:\stm32\project\hal_car\hal_car\visualgdb\debug\stm32f1xx_hal_rcc_ex.dep
d:\stm32\project\hal_car\hal_car\visualgdb\debug\stm32f1xx_hal_tim.dep
d:\stm32\project\hal_car\hal_car\visualgdb\debug\stm32f1xx_hal_tim_ex.dep
d:\stm32\project\hal_car\hal_car\visualgdb\debug\stm32f1xx_hal_uart.dep
d:\stm32\project\hal_car\hal_car\visualgdb\debug\stm32f1xx_it.dep
d:\stm32\project\hal_car\hal_car\visualgdb\debug\system_stm32f1xx.dep
d:\stm32\project\hal_car\hal_car\visualgdb\debug\tim.dep
d:\stm32\project\hal_car\hal_car\visualgdb\debug\usart.dep
d:\stm32\project\hal_car\hal_car\visualgdb\debug\gpio.gcc.rsp
d:\stm32\project\hal_car\hal_car\visualgdb\debug\main.gcc.rsp
d:\stm32\project\hal_car\hal_car\visualgdb\debug\startup_stm32f103xe.gcc.rsp
d:\stm32\project\hal_car\hal_car\visualgdb\debug\stm32f1xx_hal.gcc.rsp
d:\stm32\project\hal_car\hal_car\visualgdb\debug\stm32f1xx_hal_cortex.gcc.rsp
d:\stm32\project\hal_car\hal_car\visualgdb\debug\stm32f1xx_hal_dma.gcc.rsp
d:\stm32\project\hal_car\hal_car\visualgdb\debug\stm32f1xx_hal_exti.gcc.rsp
d:\stm32\project\hal_car\hal_car\visualgdb\debug\stm32f1xx_hal_flash.gcc.rsp
d:\stm32\project\hal_car\hal_car\visualgdb\debug\stm32f1xx_hal_flash_ex.gcc.rsp
d:\stm32\project\hal_car\hal_car\visualgdb\debug\stm32f1xx_hal_gpio.gcc.rsp
d:\stm32\project\hal_car\hal_car\visualgdb\debug\stm32f1xx_hal_gpio_ex.gcc.rsp
d:\stm32\project\hal_car\hal_car\visualgdb\debug\stm32f1xx_hal_msp.gcc.rsp
d:\stm32\project\hal_car\hal_car\visualgdb\debug\stm32f1xx_hal_pwr.gcc.rsp
d:\stm32\project\hal_car\hal_car\visualgdb\debug\stm32f1xx_hal_rcc.gcc.rsp
d:\stm32\project\hal_car\hal_car\visualgdb\debug\stm32f1xx_hal_rcc_ex.gcc.rsp
d:\stm32\project\hal_car\hal_car\visualgdb\debug\stm32f1xx_hal_tim.gcc.rsp
d:\stm32\project\hal_car\hal_car\visualgdb\debug\stm32f1xx_hal_tim_ex.gcc.rsp
d:\stm32\project\hal_car\hal_car\visualgdb\debug\stm32f1xx_hal_uart.gcc.rsp
d:\stm32\project\hal_car\hal_car\visualgdb\debug\stm32f1xx_it.gcc.rsp
d:\stm32\project\hal_car\hal_car\visualgdb\debug\system_stm32f1xx.gcc.rsp
d:\stm32\project\hal_car\hal_car\visualgdb\debug\tim.gcc.rsp
d:\stm32\project\hal_car\hal_car\visualgdb\debug\usart.gcc.rsp
d:\stm32\project\hal_car\hal_car\visualgdb\debug\hal_car.alldeps
